{"uuid":"1ca0227d-05ca-487d-874e-34398c5ad11b","historyId":"579294531c34bd39675656947e8946f8","fullName":"Verify Visitor Process on Sign Up: Visitor Process register new account With Short Password","labels":[{"name":"tag","value":"MetaFox"},{"name":"tag","value":"Author"},{"name":"tag","value":"VisitorProcessSignUp"},{"name":"tag","value":"VisitorRegisterNewAccountWithShortPassword"},{"name":"host","value":"ChauVMs-Mac-Mini.local"},{"name":"thread","value":"2468@ChauVMs-Mac-Mini.local.main(1)"},{"name":"feature","value":"Verify Visitor Process on Sign Up"},{"name":"story","value":"Visitor Process register new account With Short Password"},{"name":"suite","value":"Verify Visitor Process on Sign Up"},{"name":"testClass","value":"Visitor Process register new account With Short Password"},{"name":"framework","value":"cucumber4jvm"},{"name":"language","value":"java"},{"name":"gherkin_uri","value":"file:///Users/qctest/IdeaProjects/v5_AutomationTest/src/test/java/MetaFox/testFeature/auth/VisitorActionOnHomePage.feature"},{"name":"package","value":"src.test.java.MetaFox.testFeature.auth.VisitorActionOnHomePage_feature.Verify Visitor Process on Sign Up"}],"links":[],"name":"Visitor Process register new account With Short Password","status":"failed","statusDetails":{"known":false,"muted":false,"flaky":false,"message":"expected [true] but found [false]","trace":"java.lang.AssertionError: expected [true] but found [false]\n\tat org.testng.Assert.fail(Assert.java:99)\n\tat org.testng.Assert.failNotEquals(Assert.java:1037)\n\tat org.testng.Assert.assertTrue(Assert.java:45)\n\tat org.testng.Assert.assertTrue(Assert.java:55)\n\tat MetaFox.support.IsComponentVisible.waitElement(IsComponentVisible.java:52)\n\tat MetaFox.stepDefined.AndStepDefinitions.isTitleDisplayed(AndStepDefinitions.java:124)\n\tat ✽.the user see title \"Create Account\" is displayed(file:///Users/qctest/IdeaProjects/v5_AutomationTest/src/test/java/MetaFox/testFeature/auth/VisitorActionOnHomePage.feature:68)\n"},"stage":"finished","steps":[{"name":"Given  the user click on div \"fieldRegister\" and process","status":"passed","statusDetails":{"known":false,"muted":false,"flaky":false},"stage":"finished","steps":[],"attachments":[{"name":"By.xpath: //div[@data-testid='fieldRegister']","source":"14366ece-ba68-4b40-b57c-b28c00740f9b-attachment"}],"parameters":[],"start":1666265146471,"stop":1666265151936},{"name":"Then  the user see title \"Create Account\" is displayed","status":"failed","statusDetails":{"known":false,"muted":false,"flaky":false,"message":"expected [true] but found [false]","trace":"java.lang.AssertionError: expected [true] but found [false]\n\tat org.testng.Assert.fail(Assert.java:99)\n\tat org.testng.Assert.failNotEquals(Assert.java:1037)\n\tat org.testng.Assert.assertTrue(Assert.java:45)\n\tat org.testng.Assert.assertTrue(Assert.java:55)\n\tat MetaFox.support.IsComponentVisible.waitElement(IsComponentVisible.java:52)\n\tat MetaFox.stepDefined.AndStepDefinitions.isTitleDisplayed(AndStepDefinitions.java:124)\n\tat ✽.the user see title \"Create Account\" is displayed(file:///Users/qctest/IdeaProjects/v5_AutomationTest/src/test/java/MetaFox/testFeature/auth/VisitorActionOnHomePage.feature:68)\n"},"stage":"finished","steps":[],"attachments":[{"name":"By.xpath: //h1[text()='Create Account']","source":"31b95d07-791b-485c-bf5a-8e8b3d15e780-attachment"}],"parameters":[],"start":1666265151937,"stop":1666265162002},{"name":"And  the user action on input field \"first_name\" with value \"Test exist email\"","status":"skipped","statusDetails":{"known":false,"muted":false,"flaky":false},"stage":"finished","steps":[],"attachments":[],"parameters":[],"start":1666265162002,"stop":1666265162002},{"name":"And  the user action on input field \"last_name\" with value \"Test exist email\"","status":"skipped","statusDetails":{"known":false,"muted":false,"flaky":false},"stage":"finished","steps":[],"attachments":[],"parameters":[],"start":1666265162003,"stop":1666265162003},{"name":"And  the user action on input field \"full_name\" with value \"Test exist email\"","status":"skipped","statusDetails":{"known":false,"muted":false,"flaky":false},"stage":"finished","steps":[],"attachments":[],"parameters":[],"start":1666265162003,"stop":1666265162003},{"name":"And  the user input info sign up \"Email Address\" with value \"brian@example123.com\"","status":"skipped","statusDetails":{"known":false,"muted":false,"flaky":false},"stage":"finished","steps":[],"attachments":[],"parameters":[],"start":1666265162003,"stop":1666265162004},{"name":"And  the user input info sign up \"Choose a Username\" with value \"TestAuto1\"","status":"skipped","statusDetails":{"known":false,"muted":false,"flaky":false},"stage":"finished","steps":[],"attachments":[],"parameters":[],"start":1666265162004,"stop":1666265162004},{"name":"And  the user action on input field \"password\" with value \"cv\"","status":"skipped","statusDetails":{"known":false,"muted":false,"flaky":false},"stage":"finished","steps":[],"attachments":[],"parameters":[],"start":1666265162004,"stop":1666265162004},{"name":"And  the user click on check box \"checkbox\"","status":"skipped","statusDetails":{"known":false,"muted":false,"flaky":false},"stage":"finished","steps":[],"attachments":[],"parameters":[],"start":1666265162004,"stop":1666265162005},{"name":"And  the user click on button \"buttonSubmit\"","status":"skipped","statusDetails":{"known":false,"muted":false,"flaky":false},"stage":"finished","steps":[],"attachments":[],"parameters":[],"start":1666265162005,"stop":1666265162005},{"name":"Then  the user see error message \"Your password must be at least 6 characters long. Please try another.\" is displayed","status":"skipped","statusDetails":{"known":false,"muted":false,"flaky":false},"stage":"finished","steps":[],"attachments":[],"parameters":[],"start":1666265162005,"stop":1666265162005}],"attachments":[],"parameters":[],"start":1666265139815,"stop":1666265165817}