{"uuid":"998064fd-f97a-4384-994f-e65eadfc3a1c","historyId":"5e293a2675121eaa0450246075afb177","fullName":"Verify Visitor Process on Sign Up: Visitor Process register new account With Space On Password Field","labels":[{"name":"tag","value":"MetaFox"},{"name":"tag","value":"Author"},{"name":"tag","value":"VisitorProcessSignUp"},{"name":"tag","value":"VisitorRegisterNewAccountWithSpaceOnPasswordField"},{"name":"host","value":"ChauVMs-Mac-Mini.local"},{"name":"thread","value":"9419@ChauVMs-Mac-Mini.local.main(1)"},{"name":"feature","value":"Verify Visitor Process on Sign Up"},{"name":"story","value":"Visitor Process register new account With Space On Password Field"},{"name":"suite","value":"Verify Visitor Process on Sign Up"},{"name":"testClass","value":"Visitor Process register new account With Space On Password Field"},{"name":"framework","value":"cucumber4jvm"},{"name":"language","value":"java"},{"name":"gherkin_uri","value":"file:///Users/qctest/IdeaProjects/v5_AutomationTest/src/test/java/MetaFox/testFeature/auth/VisitorActionOnHomePage.feature"},{"name":"package","value":"src.test.java.MetaFox.testFeature.auth.VisitorActionOnHomePage_feature.Verify Visitor Process on Sign Up"}],"links":[],"name":"Visitor Process register new account With Space On Password Field","status":"failed","statusDetails":{"known":false,"muted":false,"flaky":false,"message":"expected [true] but found [false]","trace":"java.lang.AssertionError: expected [true] but found [false]\n\tat org.testng.Assert.fail(Assert.java:99)\n\tat org.testng.Assert.failNotEquals(Assert.java:1037)\n\tat org.testng.Assert.assertTrue(Assert.java:45)\n\tat org.testng.Assert.assertTrue(Assert.java:55)\n\tat MetaFox.support.IsComponentVisible.waitElement(IsComponentVisible.java:52)\n\tat MetaFox.stepDefined.AndStepDefinitions.isTitleDisplayed(AndStepDefinitions.java:124)\n\tat ✽.the user see title \"Create Account\" is displayed(file:///Users/qctest/IdeaProjects/v5_AutomationTest/src/test/java/MetaFox/testFeature/auth/VisitorActionOnHomePage.feature:82)\n"},"stage":"finished","steps":[{"name":"Given  the user click on div \"fieldRegister\" and process","status":"passed","statusDetails":{"known":false,"muted":false,"flaky":false},"stage":"finished","steps":[],"attachments":[{"name":"By.xpath: //div[@data-testid='fieldRegister']","source":"a453d5ea-7bf1-4822-8616-62fd7fbcd987-attachment"}],"parameters":[],"start":1666336541760,"stop":1666336549652},{"name":"Then  the user see title \"Create Account\" is displayed","status":"failed","statusDetails":{"known":false,"muted":false,"flaky":false,"message":"expected [true] but found [false]","trace":"java.lang.AssertionError: expected [true] but found [false]\n\tat org.testng.Assert.fail(Assert.java:99)\n\tat org.testng.Assert.failNotEquals(Assert.java:1037)\n\tat org.testng.Assert.assertTrue(Assert.java:45)\n\tat org.testng.Assert.assertTrue(Assert.java:55)\n\tat MetaFox.support.IsComponentVisible.waitElement(IsComponentVisible.java:52)\n\tat MetaFox.stepDefined.AndStepDefinitions.isTitleDisplayed(AndStepDefinitions.java:124)\n\tat ✽.the user see title \"Create Account\" is displayed(file:///Users/qctest/IdeaProjects/v5_AutomationTest/src/test/java/MetaFox/testFeature/auth/VisitorActionOnHomePage.feature:82)\n"},"stage":"finished","steps":[],"attachments":[{"name":"By.xpath: //h1[text()='Create Account']","source":"24e2e5dd-ebb2-4c07-8316-7079f0ede9e7-attachment"}],"parameters":[],"start":1666336549653,"stop":1666336559738},{"name":"And  the user action on input field \"first_name\" with value \"Test exist email\"","status":"skipped","statusDetails":{"known":false,"muted":false,"flaky":false},"stage":"finished","steps":[],"attachments":[],"parameters":[],"start":1666336559739,"stop":1666336559739},{"name":"And  the user action on input field \"last_name\" with value \"Test exist email\"","status":"skipped","statusDetails":{"known":false,"muted":false,"flaky":false},"stage":"finished","steps":[],"attachments":[],"parameters":[],"start":1666336559739,"stop":1666336559739},{"name":"And  the user action on input field \"full_name\" with value \"Test exist email\"","status":"skipped","statusDetails":{"known":false,"muted":false,"flaky":false},"stage":"finished","steps":[],"attachments":[],"parameters":[],"start":1666336559739,"stop":1666336559739},{"name":"And  the user input info sign up \"Email Address\" with value \"brian@example123.com\"","status":"skipped","statusDetails":{"known":false,"muted":false,"flaky":false},"stage":"finished","steps":[],"attachments":[],"parameters":[],"start":1666336559739,"stop":1666336559739},{"name":"And  the user input info sign up \"Choose a Username\" with value \"TestAuto1\"","status":"skipped","statusDetails":{"known":false,"muted":false,"flaky":false},"stage":"finished","steps":[],"attachments":[],"parameters":[],"start":1666336559739,"stop":1666336559739},{"name":"And  the user action on input field \"password\" with value \" \"","status":"skipped","statusDetails":{"known":false,"muted":false,"flaky":false},"stage":"finished","steps":[],"attachments":[],"parameters":[],"start":1666336559740,"stop":1666336559740},{"name":"And  the user click on check box \"checkbox\"","status":"skipped","statusDetails":{"known":false,"muted":false,"flaky":false},"stage":"finished","steps":[],"attachments":[],"parameters":[],"start":1666336559741,"stop":1666336559741},{"name":"And  the user click on button \"buttonSubmit\"","status":"skipped","statusDetails":{"known":false,"muted":false,"flaky":false},"stage":"finished","steps":[],"attachments":[],"parameters":[],"start":1666336559741,"stop":1666336559741},{"name":"Then  the user see error message \"The password is required.\" is displayed","status":"skipped","statusDetails":{"known":false,"muted":false,"flaky":false},"stage":"finished","steps":[],"attachments":[],"parameters":[],"start":1666336559741,"stop":1666336559741}],"attachments":[],"parameters":[],"start":1666336529475,"stop":1666336563635}